make all --print-data-base --no-builtin-variables --no-builtin-rules --question
# GNU Make 3.81
# Copyright (C) 2006  Free Software Foundation, Inc.
# This is free software; see the source for copying conditions.
# There is NO warranty; not even for MERCHANTABILITY or FITNESS FOR A
# PARTICULAR PURPOSE.

# This program built for i386-apple-darwin11.3.0
 
make game
 
# GNU Make 3.81
# Copyright (C) 2006  Free Software Foundation, Inc.
# This is free software; see the source for copying conditions.
# There is NO warranty; not even for MERCHANTABILITY or FITNESS FOR A
# PARTICULAR PURPOSE.

# This program built for i386-apple-darwin11.3.0
 

# Make data base, printed on Tue Mar 22 17:49:13 2022

# Variables

# automatic
<D = $(patsubst %/,%,$(dir $<))
# automatic
?F = $(notdir $?)
# makefile (from `Makefile', line 358)
SRC = $(call rwildcard, *.c, *.h)
# environment
VSCODE_LOG_NATIVE = false
# makefile (from `Makefile', line 64)
USE_WAYLAND_DISPLAY = FALSE
# automatic
?D = $(patsubst %/,%,$(dir $?))
# makefile (from `Makefile', line 32)
COMPILER_PATH = C:/raylib/w64devkit/bin
# makefile (from `Makefile', line 28)
RAYLIB_VERSION = 4.0.0
# automatic
@D = $(patsubst %/,%,$(dir $@))
# automatic
@F = $(notdir $@)
# makefile (from `Makefile', line 325)
LDLIBS = -lraylib -framework OpenGL -framework OpenAL -framework Cocoa
# makefile
CURDIR := /Users/tiago/Documents/co패digos/2021.1/o_homem-aranha_que_se_perdeu_na_historia
# makefile
SHELL = /bin/sh
# environment
VSCODE_NLS_CONFIG = {"locale":"en-us","availableLanguages":{},"_languagePackSupport":true}
# environment
_ = /usr/bin/make
# makefile (from `Makefile', line 202)
CFLAGS = -Wall -std=c99 -D_DEFAULT_SOURCE -Wno-missing-braces -s -O1
# makefile (from `Makefile', line 1)
MAKEFILE_LIST :=  Makefile
# makefile (from `Makefile', line 355)
OBJ_DIR = obj
# environment
VSCODE_VERBOSE_LOGGING = true
# makefile (from `Makefile', line 56)
BUILD_MODE = RELEASE
# environment
__CFBundleIdentifier = com.microsoft.VSCode
# environment
VSCODE_IPC_HOOK_EXTHOST = /var/folders/98/ksz3_bv92d79ynxqyzb1rppr0000gn/T/vscode-ipc-063c78af-8d08-4a6f-9ac3-a3598b15f6c3.sock
# environment
VSCODE_CWD = /
# environment
PATH = /usr/local/bin:/usr/bin:/bin:/usr/sbin:/sbin
# makefile (from `Makefile', line 74)
UNAMEOS = $(shell uname)
# makefile (from `Makefile', line 29)
RAYLIB_PATH = /Users/tiago
# environment
VSCODE_LOG_STACK = false
# environment
ELECTRON_RUN_AS_NODE = 1
# makefile (from `Makefile', line 253)
INCLUDE_PATHS = -I. -I$(RAYLIB_PATH)/src -I$(RAYLIB_PATH)/src/external
# makefile (from `Makefile', line 275)
LDFLAGS = -L. -L$(RAYLIB_RELEASE_PATH) -L$(RAYLIB_PATH)/src
# default
.FEATURES := target-specific order-only second-expansion else-if archives jobserver check-symlink
# makefile (from `Makefile', line 60)
USE_EXTERNAL_GLFW = FALSE
# environment
SSH_AUTH_SOCK = /private/tmp/com.apple.launchd.oDUD3NLn1Y/Listeners
# automatic
%F = $(notdir $%)
# environment
VSCODE_PIPE_LOGGING = true
# makefile (from `Makefile', line 360)
OBJS = main.c
# makefile (from `Makefile', line 91)
PLATFORM_OS = OSX
# environment
PWD = /Users/tiago/Documents/co패digos/2021.1/o_homem-aranha_que_se_perdeu_na_historia
# environment
ORIGINAL_XDG_CURRENT_DESKTOP = undefined
# environment
VSCODE_AMD_ENTRYPOINT = vs/workbench/api/node/extensionHostProcess
# environment
HOME = /Users/tiago
# default
MAKEFILEPATH = $(shell /usr/bin/xcode-select -print-path 2>/dev/null || echo /Developer)/Makefiles
# environment
VSCODE_CODE_CACHE_PATH = /Users/tiago/Library/Application Support/Code/CachedData/c722ca6c7eed3d7987c0d5c3df5c45f6b15e77d1
# environment
LOGNAME = tiago
# environment
APPLICATION_INSIGHTS_NO_DIAGNOSTIC_CHANNEL = true
# makefile (from `Makefile', line 368)
MAKEFILE_PARAMS = $(PROJECT_NAME)
# environment
VSCODE_HANDLES_UNCAUGHT_ERRORS = true
# automatic
^D = $(patsubst %/,%,$(dir $^))
# environment
XPC_FLAGS = 0x0
# makefile (from `Makefile', line 183)
MAKE = make
# default
MAKECMDGOALS := game
# environment
SHLVL = 2
# makefile (from `Makefile', line 154)
CC = clang
# makefile (from `Makefile', line 50)
RAYLIB_H_INSTALL_PATH = $(DESTDIR)/include
# default
MAKE_VERSION := 3.81
# environment
USER = tiago
# makefile
.DEFAULT_GOAL := all
# makefile (from `Makefile', line 47)
DESTDIR = /usr/local
# automatic
%D = $(patsubst %/,%,$(dir $%))
# makefile (from `Makefile', line 351)
rwildcard = $(foreach d,$(wildcard $1*),$(call rwildcard,$d/,$2) $(filter $(subst *,%,$2),$d))
# default
MAKE_COMMAND := /Library/Developer/CommandLineTools/usr/bin/make
# default
.VARIABLES := 
# environment
TMPDIR = /var/folders/98/ksz3_bv92d79ynxqyzb1rppr0000gn/T/
# automatic
*F = $(notdir $*)
# environment
VSCODE_IPC_HOOK = /Users/tiago/Library/Application Support/Code/1.65.2-main.sock
# makefile
MAKEFLAGS = Rrqp
# environment
MFLAGS = -Rrqp
# automatic
*D = $(patsubst %/,%,$(dir $*))
# environment
XPC_SERVICE_NAME = application.com.microsoft.VSCode.12918446574.12918446580
# automatic
+D = $(patsubst %/,%,$(dir $+))
# automatic
+F = $(notdir $+)
# makefile (from `Makefile', line 145)
EXAMPLE_RUNTIME_PATH = $(RAYLIB_RELEASE_PATH)
# environment
__CF_USER_TEXT_ENCODING = 0x1F5:0x0:0x0
# environment
COMMAND_MODE = unix2003
# makefile (from `Makefile', line 36)
PLATFORM = PLATFORM_DESKTOP
# default
MAKEFILES := 
# makefile (from `Makefile', line 354)
SRC_DIR = src
# automatic
<F = $(notdir $<)
# makefile (from `Makefile', line 131)
RAYLIB_RELEASE_PATH = $(RAYLIB_PATH)/src
# makefile (from `Makefile', line 27)
PROJECT_NAME = game
# makefile (from `Makefile', line 48)
RAYLIB_INSTALL_PATH = $(DESTDIR)/lib
# environment
LC_ALL = C
# automatic
^F = $(notdir $^)
# default
SUFFIXES := 
# makefile (from `Makefile', line 53)
RAYLIB_LIBTYPE = STATIC
# default
.INCLUDE_DIRS = /usr/local/include
# environment
MAKELEVEL := 1
# environment
LANG = C
# environment
VSCODE_PID = 32502
# variable set hash-table stats:
# Load=89/1024=9%, Rehash=0, Collisions=7/203=3%

# Pattern-specific Variable Values

# No pattern-specific variable values.

# Directories

# . (device 16777220, inode 12913899735): 18 files, no impossibilities.
# src: could not be stat'd.

# 18 files, no impossibilities in 2 directories.

# Implicit Rules

obj/%.o: src/%.c
#  commands to execute (from `Makefile', line 384):
	$(CC) -c $< -o $@ $(CFLAGS) $(INCLUDE_PATHS) -D$(PLATFORM)
	

# 1 implicit rules, 0 (0.0%) terminal.

# Files

all:
#  Phony target (prerequisite of .PHONY).
#  Implicit rule search has not been done.
#  File does not exist.
#  File has not been updated.
#  commands to execute (from `Makefile', line 374):
	$(MAKE) $(MAKEFILE_PARAMS)
	

.PHONY: all clean
#  Implicit rule search has not been done.
#  Modification time never checked.
#  File has not been updated.

# Not a target:
main.c:
#  Implicit rule search has been done.
#  Last modified 2022-01-05 02:14:22
#  File has been updated.
#  Successfully updated.
# variable set hash-table stats:
# Load=0/32=0%, Rehash=0, Collisions=0/0=0%

# Not a target:
.SUFFIXES:
#  Implicit rule search has not been done.
#  Modification time never checked.
#  File has not been updated.

# Not a target:
Makefile:
#  Implicit rule search has been done.
#  Last modified 2022-01-05 02:04:34
#  File has been updated.
#  Successfully updated.
# variable set hash-table stats:
# Load=0/32=0%, Rehash=0, Collisions=0/0=0%

# Not a target:
.DEFAULT:
#  Implicit rule search has not been done.
#  Modification time never checked.
#  File has not been updated.

clean:
#  Phony target (prerequisite of .PHONY).
#  Implicit rule search has not been done.
#  File does not exist.
#  File has not been updated.
#  commands to execute (from `Makefile', line 396):
	find . -type f -perm +ugo+x -delete
	rm -f *.o
	@echo Cleaning done
	

game: main.c
#  Command-line target.
#  Implicit rule search has not been done.
#  Last modified 2022-01-05 02:14:39
#  File has been updated.
#  Successfully updated.
# variable set hash-table stats:
# Load=0/32=0%, Rehash=0, Collisions=0/0=0%
#  commands to execute (from `Makefile', line 378):
	$(CC) -o $(PROJECT_NAME)$(EXT) $(OBJS) $(CFLAGS) $(INCLUDE_PATHS) $(LDFLAGS) $(LDLIBS) -D$(PLATFORM)
	

# files hash-table stats:
# Load=8/1024=1%, Rehash=0, Collisions=0/24=0%
# VPATH Search Paths

# No `vpath' search paths.

# No general (`VPATH' variable) search path.

# # of strings in strcache: 1
# # of strcache buffers: 1
# strcache size: total = 4096 / max = 4096 / min = 4096 / avg = 4096
# strcache free: total = 4087 / max = 4087 / min = 4087 / avg = 4087

# Finished Make data base on Tue Mar 22 17:49:13 2022

 

# Make data base, printed on Tue Mar 22 17:49:13 2022
 

# Variables

# automatic
<D = $(patsubst %/,%,$(dir $<))
# automatic
?F = $(notdir $?)
# makefile (from `Makefile', line 358)
SRC = $(call rwildcard, *.c, *.h)
# environment
VSCODE_LOG_NATIVE = false
# makefile (from `Makefile', line 64)
USE_WAYLAND_DISPLAY = FALSE
# automatic
?D = $(patsubst %/,%,$(dir $?))
# makefile (from `Makefile', line 32)
COMPILER_PATH = C:/raylib/w64devkit/bin
# makefile (from `Makefile', line 28)
RAYLIB_VERSION = 4.0.0
# automatic
@D = $(patsubst %/,%,$(dir $@))
# automatic
@F = $(notdir $@)
# makefile (from `Makefile', line 325)
LDLIBS = -lraylib -framework OpenGL -framework OpenAL -framework Cocoa
# makefile
CURDIR := /Users/tiago/Documents/co패digos/2021.1/o_homem-aranha_que_se_perdeu_na_historia
# makefile
SHELL = /bin/sh
# environment
VSCODE_NLS_CONFIG = {"locale":"en-us","availableLanguages":{},"_languagePackSupport":true}
# environment
_ = /usr/bin/make
# makefile (from `Makefile', line 202)
CFLAGS = -Wall -std=c99 -D_DEFAULT_SOURCE -Wno-missing-braces -s -O1
# makefile (from `Makefile', line 1)
MAKEFILE_LIST :=  Makefile
# makefile (from `Makefile', line 355)
OBJ_DIR = obj
# environment
VSCODE_VERBOSE_LOGGING = true
# makefile (from `Makefile', line 56)
BUILD_MODE = RELEASE
# environment
__CFBundleIdentifier = com.microsoft.VSCode
# environment
VSCODE_IPC_HOOK_EXTHOST = /var/folders/98/ksz3_bv92d79ynxqyzb1rppr0000gn/T/vscode-ipc-063c78af-8d08-4a6f-9ac3-a3598b15f6c3.sock
# environment
VSCODE_CWD = /
# environment
PATH = /usr/local/bin:/usr/bin:/bin:/usr/sbin:/sbin
# makefile (from `Makefile', line 74)
UNAMEOS = $(shell uname)
# makefile (from `Makefile', line 29)
RAYLIB_PATH = /Users/tiago
# environment
VSCODE_LOG_STACK = false
# environment
ELECTRON_RUN_AS_NODE = 1
# makefile (from `Makefile', line 253)
INCLUDE_PATHS = -I. -I$(RAYLIB_PATH)/src -I$(RAYLIB_PATH)/src/external
# makefile (from `Makefile', line 275)
LDFLAGS = -L. -L$(RAYLIB_RELEASE_PATH) -L$(RAYLIB_PATH)/src
# default
.FEATURES := target-specific order-only second-expansion else-if archives jobserver check-symlink
# makefile (from `Makefile', line 60)
USE_EXTERNAL_GLFW = FALSE
# environment
SSH_AUTH_SOCK = /private/tmp/com.apple.launchd.oDUD3NLn1Y/Listeners
# automatic
%F = $(notdir $%)
# environment
VSCODE_PIPE_LOGGING = true
# makefile (from `Makefile', line 360)
OBJS = main.c
# makefile (from `Makefile', line 91)
PLATFORM_OS = OSX
# environment
PWD = /Users/tiago/Documents/co패digos/2021.1/o_homem-aranha_que_se_perdeu_na_historia
# environment
ORIGINAL_XDG_CURRENT_DESKTOP = undefined
# environment
VSCODE_AMD_ENTRYPOINT = vs/workbench/api/node/extensionHostProcess
# environment
HOME = /Users/tiago
# default
MAKEFILEPATH = $(shell /usr/bin/xcode-select -print-path 2>/dev/null || echo /Developer)/Makefiles
# environment
VSCODE_CODE_CACHE_PATH = /Users/tiago/Library/Application Support/Code/CachedData/c722ca6c7eed3d7987c0d5c3df5c45f6b15e77d1
# environment
LOGNAME = tiago
# environment
APPLICATION_INSIGHTS_NO_DIAGNOSTIC_CHANNEL = true
# makefile (from `Makefile', line 368)
MAKEFILE_PARAMS = $(PROJECT_NAME)
# environment
VSCODE_HANDLES_UNCAUGHT_ERRORS = true
# automatic
^D = $(patsubst %/,%,$(dir $^))
# environment
XPC_FLAGS = 0x0
# makefile (from `Makefile', line 183)
MAKE = make
# default
MAKECMDGOALS := all
# environment
SHLVL = 2
# makefile (from `Makefile', line 154)
CC = clang
# makefile (from `Makefile', line 50)
RAYLIB_H_INSTALL_PATH = $(DESTDIR)/include
# default
MAKE_VERSION := 3.81
# environment
USER = tiago
# makefile
.DEFAULT_GOAL := all
# makefile (from `Makefile', line 47)
DESTDIR = /usr/local
# automatic
%D = $(patsubst %/,%,$(dir $%))
# makefile (from `Makefile', line 351)
rwildcard = $(foreach d,$(wildcard $1*),$(call rwildcard,$d/,$2) $(filter $(subst *,%,$2),$d))
# default
MAKE_COMMAND := /Library/Developer/CommandLineTools/usr/bin/make
# default
.VARIABLES := 
# environment
TMPDIR = /var/folders/98/ksz3_bv92d79ynxqyzb1rppr0000gn/T/
# automatic
*F = $(notdir $*)
# environment
VSCODE_IPC_HOOK = /Users/tiago/Library/Application Support/Code/1.65.2-main.sock
# makefile
MAKEFLAGS = Rrqp
# environment
MFLAGS = -Rrqp
# automatic
*D = $(patsubst %/,%,$(dir $*))
# environment
XPC_SERVICE_NAME = application.com.microsoft.VSCode.12918446574.12918446580
# automatic
+D = $(patsubst %/,%,$(dir $+))
# automatic
+F = $(notdir $+)
# makefile (from `Makefile', line 145)
EXAMPLE_RUNTIME_PATH = $(RAYLIB_RELEASE_PATH)
# environment
__CF_USER_TEXT_ENCODING = 0x1F5:0x0:0x0
# environment
COMMAND_MODE = unix2003
# makefile (from `Makefile', line 36)
PLATFORM = PLATFORM_DESKTOP
# default
MAKEFILES := 
# makefile (from `Makefile', line 354)
SRC_DIR = src
# automatic
<F = $(notdir $<)
# makefile (from `Makefile', line 131)
RAYLIB_RELEASE_PATH = $(RAYLIB_PATH)/src
# makefile (from `Makefile', line 27)
PROJECT_NAME = game
# makefile (from `Makefile', line 48)
RAYLIB_INSTALL_PATH = $(DESTDIR)/lib
# environment
 
LC_ALL = C
# automatic
^F = $(notdir $^)
# default
SUFFIXES := 
# makefile (from `Makefile', line 53)
RAYLIB_LIBTYPE = STATIC
# default
.INCLUDE_DIRS = /usr/local/include
# environment
MAKELEVEL := 0
# environment
LANG = C
# environment
VSCODE_PID = 32502
# variable set hash-table stats:
# Load=89/1024=9%, Rehash=0, Collisions=7/205=3%

# Pattern-specific Variable Values

# No pattern-specific variable values.

# Directories

# . (device 16777220, inode 12913899735): 18 files, no impossibilities.
# src: could not be stat'd.

# 18 files, no impossibilities in 2 directories.

# Implicit Rules

obj/%.o: src/%.c
#  commands to execute (from `Makefile', line 384):
	$(CC) -c $< -o $@ $(CFLAGS) $(INCLUDE_PATHS) -D$(PLATFORM)
	

# 1 implicit rules, 0 (0.0%) terminal.

# Files

all:
#  Phony target (prerequisite of .PHONY).
#  Command-line target.
#  Implicit rule search has not been done.
#  Implicit/static pattern stem: `'
#  File does not exist.
#  File has been updated.
#  Successfully updated.
# automatic
# @ := all
# automatic
# % := 
# automatic
# * := 
# automatic
# + := 
# automatic
# | := 
# automatic
# < := 
# automatic
# ^ := 
# automatic
# ? := 
# variable set hash-table stats:
# Load=8/32=25%, Rehash=0, Collisions=4/13=31%
#  commands to execute (from `Makefile', line 374):
	$(MAKE) $(MAKEFILE_PARAMS)
	

.PHONY: all clean
#  Implicit rule search has not been done.
#  Modification time never checked.
#  File has not been updated.

# Not a target:
main.c:
#  Implicit rule search has not been done.
#  Modification time never checked.
#  File has not been updated.

# Not a target:
.SUFFIXES:
#  Implicit rule search has not been done.
#  Modification time never checked.
#  File has not been updated.

# Not a target:
Makefile:
#  Implicit rule search has been done.
#  Last modified 2022-01-05 02:04:34
#  File has been updated.
#  Successfully updated.
# variable set hash-table stats:
# Load=0/32=0%, Rehash=0, Collisions=0/0=0%

# Not a target:
.DEFAULT:
#  Implicit rule search has not been done.
#  Modification time never checked.
#  File has not been updated.

clean:
#  Phony target (prerequisite of .PHONY).
#  Implicit rule search has not been done.
#  File does not exist.
#  File has not been updated.
#  commands to execute (from `Makefile', line 396):
	find . -type f -perm +ugo+x -delete
	rm -f *.o
	@echo Cleaning done
	

game: main.c
#  Implicit rule search has not been done.
#  Modification time never checked.
#  File has not been updated.
#  commands to execute (from `Makefile', line 378):
	$(CC) -o $(PROJECT_NAME)$(EXT) $(OBJS) $(CFLAGS) $(INCLUDE_PATHS) $(LDFLAGS) $(LDLIBS) -D$(PLATFORM)
	

# files hash-table stats:
# Load=8/1024=1%, Rehash=0, Collisions=0/25=0%
# VPATH Search Paths

# No `vpath' search paths.

# No general (`VPATH' variable) search path.

# # of strings in strcache: 1
# # of strcache buffers: 1
# strcache size: total = 4096 / max = 4096 / min = 4096 / avg = 4096
# strcache free: total = 4087 / max = 4087 / min = 4087 / avg = 4087

# Finished Make data base on Tue Mar 22 17:49:13 2022

 
